rm omp_kdtree omp_kdtree.out
rm: cannot remove ‘omp_kdtree.out’: No such file or directory
make: *** [clean] Error 1
cc -Wall -O3 -march=native -fopenmp -std=c11 -DDOUBLE_PRECISION -DNDEBUG -DNPTS=5000000  -o omp_kdtree omp_kdtree.c
/var/spool/pbs/mom_priv/jobs/91273.login.hpc.SC: line 22: : No such file or directory
rm omp_kdtree omp_kdtree.out
rm: cannot remove ‘omp_kdtree.out’: No such file or directory
make: *** [clean] Error 1
cc -Wall -O3 -march=native -fopenmp -std=c11 -DDOUBLE_PRECISION -DNDEBUG -DNPTS=5000000  -o omp_kdtree omp_kdtree.c
/var/spool/pbs/mom_priv/jobs/91273.login.hpc.SC: line 22: : No such file or directory
rm omp_kdtree omp_kdtree.out
rm: cannot remove ‘omp_kdtree.out’: No such file or directory
make: *** [clean] Error 1
cc -Wall -O3 -march=native -fopenmp -std=c11 -DDOUBLE_PRECISION -DNDEBUG -DNPTS=5000000  -o omp_kdtree omp_kdtree.c
/var/spool/pbs/mom_priv/jobs/91273.login.hpc.SC: line 22: : No such file or directory
rm omp_kdtree omp_kdtree.out
rm: cannot remove ‘omp_kdtree.out’: No such file or directory
make: *** [clean] Error 1
cc -Wall -O3 -march=native -fopenmp -std=c11 -DDOUBLE_PRECISION -DNDEBUG -DNPTS=5000000  -o omp_kdtree omp_kdtree.c
/var/spool/pbs/mom_priv/jobs/91273.login.hpc.SC: line 22: : No such file or directory
rm omp_kdtree omp_kdtree.out
rm: cannot remove ‘omp_kdtree.out’: No such file or directory
make: *** [clean] Error 1
cc -Wall -O3 -march=native -fopenmp -std=c11 -DDOUBLE_PRECISION -DNDEBUG -DNPTS=10000000  -o omp_kdtree omp_kdtree.c
/var/spool/pbs/mom_priv/jobs/91273.login.hpc.SC: line 22: : No such file or directory
rm omp_kdtree omp_kdtree.out
rm: cannot remove ‘omp_kdtree.out’: No such file or directory
make: *** [clean] Error 1
cc -Wall -O3 -march=native -fopenmp -std=c11 -DDOUBLE_PRECISION -DNDEBUG -DNPTS=10000000  -o omp_kdtree omp_kdtree.c
/var/spool/pbs/mom_priv/jobs/91273.login.hpc.SC: line 22: : No such file or directory
rm omp_kdtree omp_kdtree.out
rm: cannot remove ‘omp_kdtree.out’: No such file or directory
make: *** [clean] Error 1
cc -Wall -O3 -march=native -fopenmp -std=c11 -DDOUBLE_PRECISION -DNDEBUG -DNPTS=10000000  -o omp_kdtree omp_kdtree.c
/var/spool/pbs/mom_priv/jobs/91273.login.hpc.SC: line 22: : No such file or directory
rm omp_kdtree omp_kdtree.out
rm: cannot remove ‘omp_kdtree.out’: No such file or directory
make: *** [clean] Error 1
cc -Wall -O3 -march=native -fopenmp -std=c11 -DDOUBLE_PRECISION -DNDEBUG -DNPTS=10000000  -o omp_kdtree omp_kdtree.c
/var/spool/pbs/mom_priv/jobs/91273.login.hpc.SC: line 22: : No such file or directory
rm omp_kdtree omp_kdtree.out
rm: cannot remove ‘omp_kdtree.out’: No such file or directory
make: *** [clean] Error 1
cc -Wall -O3 -march=native -fopenmp -std=c11 -DDOUBLE_PRECISION -DNDEBUG -DNPTS=50000000  -o omp_kdtree omp_kdtree.c
/var/spool/pbs/mom_priv/jobs/91273.login.hpc.SC: line 22: : No such file or directory
rm omp_kdtree omp_kdtree.out
rm: cannot remove ‘omp_kdtree.out’: No such file or directory
make: *** [clean] Error 1
cc -Wall -O3 -march=native -fopenmp -std=c11 -DDOUBLE_PRECISION -DNDEBUG -DNPTS=50000000  -o omp_kdtree omp_kdtree.c
/var/spool/pbs/mom_priv/jobs/91273.login.hpc.SC: line 22: : No such file or directory
rm omp_kdtree omp_kdtree.out
rm: cannot remove ‘omp_kdtree.out’: No such file or directory
make: *** [clean] Error 1
cc -Wall -O3 -march=native -fopenmp -std=c11 -DDOUBLE_PRECISION -DNDEBUG -DNPTS=50000000  -o omp_kdtree omp_kdtree.c
/var/spool/pbs/mom_priv/jobs/91273.login.hpc.SC: line 22: : No such file or directory
rm omp_kdtree omp_kdtree.out
rm: cannot remove ‘omp_kdtree.out’: No such file or directory
make: *** [clean] Error 1
cc -Wall -O3 -march=native -fopenmp -std=c11 -DDOUBLE_PRECISION -DNDEBUG -DNPTS=50000000  -o omp_kdtree omp_kdtree.c
/var/spool/pbs/mom_priv/jobs/91273.login.hpc.SC: line 22: : No such file or directory
rm omp_kdtree omp_kdtree.out
rm: cannot remove ‘omp_kdtree.out’: No such file or directory
make: *** [clean] Error 1
cc -Wall -O3 -march=native -fopenmp -std=c11 -DDOUBLE_PRECISION -DNDEBUG -DNPTS=100000000  -o omp_kdtree omp_kdtree.c
/var/spool/pbs/mom_priv/jobs/91273.login.hpc.SC: line 22: : No such file or directory
rm omp_kdtree omp_kdtree.out
rm: cannot remove ‘omp_kdtree.out’: No such file or directory
make: *** [clean] Error 1
cc -Wall -O3 -march=native -fopenmp -std=c11 -DDOUBLE_PRECISION -DNDEBUG -DNPTS=100000000  -o omp_kdtree omp_kdtree.c
/var/spool/pbs/mom_priv/jobs/91273.login.hpc.SC: line 22: : No such file or directory
rm omp_kdtree omp_kdtree.out
rm: cannot remove ‘omp_kdtree.out’: No such file or directory
make: *** [clean] Error 1
cc -Wall -O3 -march=native -fopenmp -std=c11 -DDOUBLE_PRECISION -DNDEBUG -DNPTS=100000000  -o omp_kdtree omp_kdtree.c
/var/spool/pbs/mom_priv/jobs/91273.login.hpc.SC: line 22: : No such file or directory
rm omp_kdtree omp_kdtree.out
rm: cannot remove ‘omp_kdtree.out’: No such file or directory
make: *** [clean] Error 1
cc -Wall -O3 -march=native -fopenmp -std=c11 -DDOUBLE_PRECISION -DNDEBUG -DNPTS=100000000  -o omp_kdtree omp_kdtree.c
/var/spool/pbs/mom_priv/jobs/91273.login.hpc.SC: line 22: : No such file or directory
rm omp_kdtree omp_kdtree.out
rm: cannot remove ‘omp_kdtree.out’: No such file or directory
make: *** [clean] Error 1
cc -Wall -O3 -march=native -fopenmp -std=c11 -DDOUBLE_PRECISION -DNDEBUG -DNPTS=500000000  -o omp_kdtree omp_kdtree.c
/var/spool/pbs/mom_priv/jobs/91273.login.hpc.SC: line 22: : No such file or directory
rm omp_kdtree omp_kdtree.out
rm: cannot remove ‘omp_kdtree.out’: No such file or directory
make: *** [clean] Error 1
cc -Wall -O3 -march=native -fopenmp -std=c11 -DDOUBLE_PRECISION -DNDEBUG -DNPTS=500000000  -o omp_kdtree omp_kdtree.c
/var/spool/pbs/mom_priv/jobs/91273.login.hpc.SC: line 22: : No such file or directory
rm omp_kdtree omp_kdtree.out
rm: cannot remove ‘omp_kdtree.out’: No such file or directory
make: *** [clean] Error 1
cc -Wall -O3 -march=native -fopenmp -std=c11 -DDOUBLE_PRECISION -DNDEBUG -DNPTS=500000000  -o omp_kdtree omp_kdtree.c
/var/spool/pbs/mom_priv/jobs/91273.login.hpc.SC: line 22: : No such file or directory
rm omp_kdtree omp_kdtree.out
rm: cannot remove ‘omp_kdtree.out’: No such file or directory
make: *** [clean] Error 1
cc -Wall -O3 -march=native -fopenmp -std=c11 -DDOUBLE_PRECISION -DNDEBUG -DNPTS=500000000  -o omp_kdtree omp_kdtree.c
/var/spool/pbs/mom_priv/jobs/91273.login.hpc.SC: line 22: : No such file or directory
rm omp_kdtree omp_kdtree.out
rm: cannot remove ‘omp_kdtree.out’: No such file or directory
make: *** [clean] Error 1
cc -Wall -O3 -march=native -fopenmp -std=c11 -DDOUBLE_PRECISION -DNDEBUG -DNPTS=1000000000  -o omp_kdtree omp_kdtree.c
/var/spool/pbs/mom_priv/jobs/91273.login.hpc.SC: line 22: : No such file or directory
rm omp_kdtree omp_kdtree.out
rm: cannot remove ‘omp_kdtree.out’: No such file or directory
make: *** [clean] Error 1
cc -Wall -O3 -march=native -fopenmp -std=c11 -DDOUBLE_PRECISION -DNDEBUG -DNPTS=1000000000  -o omp_kdtree omp_kdtree.c
/var/spool/pbs/mom_priv/jobs/91273.login.hpc.SC: line 22: : No such file or directory
rm omp_kdtree omp_kdtree.out
rm: cannot remove ‘omp_kdtree.out’: No such file or directory
make: *** [clean] Error 1
cc -Wall -O3 -march=native -fopenmp -std=c11 -DDOUBLE_PRECISION -DNDEBUG -DNPTS=1000000000  -o omp_kdtree omp_kdtree.c
/var/spool/pbs/mom_priv/jobs/91273.login.hpc.SC: line 22: : No such file or directory
=>> PBS: job killed: walltime 18093 exceeded limit 18000
